********************************************************************************
DUPLICATOR-LITE PACKAGE-LOG: 5 January, 2018 12:41 am
NOTICE: Do NOT post to public sites or forums 
********************************************************************************
VERSION:	1.2.30
WORDPRESS:	4.9.1
PHP INFO:	7.1.9 | SAPI: apache2handler
SERVER:		Apache/2.4.27 (Win32) OpenSSL/1.0.2l PHP/7.1.9 
PHP TIME LIMIT: (0) no time limit imposed 
PHP MAX MEMORY: 2048M (128M default) 
MEMORY STACK: 4MB 

********************************************************************************
DATABASE:
********************************************************************************
BUILD MODE:   MYSQLDUMP
MYSQLTIMEOUT: 5000
MYSQLDUMP:    Is Supported 
FILTERED: [] 
RESPONSE: Ran from C:/xampp/mysql/bin/mysqldump.exe 
TABLES: total:29 | filtered:0 | create:29 
SQL CREATED: 20171221_caterser_8f82cb143e2b48f53656180105003830_database.sql 
SQL FILE SIZE: 199.55KB (204337) 
SQL FILE TIME: 2018-01-05 00:41:37 
SQL RUNTIME: 1.48 sec. 

******************************************************************************** 
ARCHIVE (ZIP): 
******************************************************************************** 
ARCHIVE DIR:  C:/xampp/htdocs/caterser 
ARCHIVE FILE: 20171221_caterser_8f82cb143e2b48f53656180105003830_archive.zip 
FILTERS: *ON* 
DIRS:
	C:/xampp/htdocs/caterser/.git/objects/ba
	C:/xampp/htdocs/caterser/.git/objects/d9
	C:/xampp/htdocs/caterser/.git/objects/e1 
FILES:
	C:/xampp/htdocs/caterser/.git/objects/b1/4a149bdceb0e487e490d0d0922726e1f3998e5 
EXTS:  not set 
---------------------------------------- 
COMPRESSING 
SIZE:	93.32MB 
STATS:	Dirs 804 | Files 8,192 
SQL ADDED: 20171221_caterser_8f82cb143e2b48f53656180105003830_database.sql 
